<?xml version="1.0" encoding="UTF-8"?>
<testsuite name="com.example.projectandroid.ExampleUnitTest" tests="1" skipped="0" failures="0" errors="0" timestamp="2023-07-09T15:28:29" hostname="NamnoMacBook-Pro-2.local" time="0.002">
  <properties/>
  <testcase name="addition_isCorrect" classname="com.example.projectandroid.ExampleUnitTest" time="0.002"/>
  <system-out><![CDATA[]]></system-out>
  <system-err><![CDATA[]]></system-err>
</testsuite>
